<?xml version="1.0" encoding="UTF-8"?>
<testsuite name="com.junitassertion.JUnitAssertion" tests="1" skipped="0" failures="0" errors="0" timestamp="2019-11-22T08:04:53" hostname="admin1-Lenovo-Product" time="0.001">
  <properties/>
  <testcase name="testAssert" classname="com.junitassertion.JUnitAssertion" time="0.001"/>
  <system-out><![CDATA[]]></system-out>
  <system-err><![CDATA[]]></system-err>
</testsuite>
